<?xml version="1.0" encoding="UTF-8"?>
<testng-results ignored="0" total="1" passed="1" failed="0" skipped="0">
  <reporter-output>
  </reporter-output>
  <suite started-at="2018-12-29T17:34:59Z" name="Default suite" finished-at="2018-12-29T17:35:06Z" duration-ms="7074">
    <groups>
    </groups>
    <test started-at="2018-12-29T17:34:59Z" name="Default test" finished-at="2018-12-29T17:35:06Z" duration-ms="7074">
      <class name="com.maventestNG.BasedClass">
        <test-method signature="setup()[pri:0, instance:com.maventestNG.BasedClass@3e84448c]" started-at="2018-12-29T17:34:59Z" name="setup" finished-at="2018-12-29T17:35:06Z" duration-ms="7043" status="PASS">
          <reporter-output>
          </reporter-output>
        </test-method> <!-- setup -->
      </class> <!-- com.maventestNG.BasedClass -->
    </test> <!-- Default test -->
  </suite> <!-- Default suite -->
</testng-results>
