<?xml version="1.0" encoding="UTF-8"?>
<testng-results ignored="0" total="1" passed="1" failed="0" skipped="0">
  <reporter-output>
  </reporter-output>
  <suite started-at="2018-12-29T16:04:34Z" name="Suite" finished-at="2018-12-29T16:04:38Z" duration-ms="4115">
    <groups>
    </groups>
    <test started-at="2018-12-29T16:04:34Z" name="Test" finished-at="2018-12-29T16:04:38Z" duration-ms="4115">
      <class name="com.maventestNG.BasedClass">
        <test-method signature="setup()[pri:0, instance:com.maventestNG.BasedClass@3e84448c]" started-at="2018-12-29T16:04:34Z" name="setup" finished-at="2018-12-29T16:04:38Z" duration-ms="4092" status="PASS">
          <reporter-output>
          </reporter-output>
        </test-method> <!-- setup -->
      </class> <!-- com.maventestNG.BasedClass -->
    </test> <!-- Test -->
  </suite> <!-- Suite -->
</testng-results>
